build/app/intermediates/manifest_merge_blame_file/release/manifest-merger-blame-release-report.txt
1<?xml version="1.0" encoding="utf-8"?>
2<manifest xmlns:android="http://schemas.android.com/apk/res/android"
3    package="com.example.hack_app"
4    android:versionCode="1"
5    android:versionName="1.0.0" >
6
7    <uses-sdk
8        android:minSdkVersion="19"
8-->src\main\AndroidManifest.xml
9        android:targetSdkVersion="33" />
9-->src\main\AndroidManifest.xml
10
11    <uses-permission android:name="android.permission.READ_CONTACTS" />
11-->src\main\AndroidManifest.xml:3:5-71
11-->src\main\AndroidManifest.xml:3:22-69
12    <uses-permission android:name="android.permission.WRITE_CONTACTS" />
12-->src\main\AndroidManifest.xml:4:5-72
12-->src\main\AndroidManifest.xml:4:22-70
13    <uses-permission android:name="android.permission.INTERNET" />
13-->src\main\AndroidManifest.xml:5:5-66
13-->src\main\AndroidManifest.xml:5:22-64
14    <uses-permission android:name="android.permission.CAMERA" />
14-->src\main\AndroidManifest.xml:6:5-65
14-->src\main\AndroidManifest.xml:6:22-62
15    <uses-permission android:name="android.permission.MANAGE_EXTERNAL_STORAGE" />
15-->src\main\AndroidManifest.xml:7:5-82
15-->src\main\AndroidManifest.xml:7:22-79
16    <uses-permission android:name="android.permission.WRITE_EXTERNAL_STORAGE" />
16-->src\main\AndroidManifest.xml:8:5-80
16-->src\main\AndroidManifest.xml:8:22-78
17    <uses-permission android:name="android.permission.READ_EXTERNAL_STORAGE" />
17-->src\main\AndroidManifest.xml:9:5-80
17-->src\main\AndroidManifest.xml:9:22-77
18    <uses-permission android:name="android.permission.READ_PHONE_STATE" />
18-->src\main\AndroidManifest.xml:10:5-75
18-->src\main\AndroidManifest.xml:10:23-73
19    <!-- Although the *SdkVersion is captured in gradle build files, this is required for non gradle builds -->
20    <!-- <uses-sdk android:minSdkVersion="14" /> -->
21    <uses-permission android:name="android.permission.ACCESS_NETWORK_STATE" />
21-->[com.google.firebase:firebase-firestore:24.4.3] AndroidManifest.xml:12:5-79
21-->[com.google.firebase:firebase-firestore:24.4.3] AndroidManifest.xml:12:22-76
22
23    <application
24        android:name="android.app.Application"
24-->src\main\AndroidManifest.xml:13:9-42
25        android:appComponentFactory="androidx.core.app.CoreComponentFactory"
25-->[androidx.core:core:1.6.0] AndroidManifest.xml:24:18-86
26        android:icon="@mipmap/ic_launcher"
26-->src\main\AndroidManifest.xml:14:9-43
27        android:label="horror game" >
27-->src\main\AndroidManifest.xml:12:9-36
28        <activity
28-->src\main\AndroidManifest.xml:15:9-35:20
29            android:name="com.example.hack_app.MainActivity"
29-->src\main\AndroidManifest.xml:16:13-41
30            android:configChanges="orientation|keyboardHidden|keyboard|screenSize|smallestScreenSize|locale|layoutDirection|fontScale|screenLayout|density|uiMode"
30-->src\main\AndroidManifest.xml:20:13-163
31            android:exported="true"
31-->src\main\AndroidManifest.xml:17:13-36
32            android:hardwareAccelerated="true"
32-->src\main\AndroidManifest.xml:21:13-47
33            android:launchMode="singleTop"
33-->src\main\AndroidManifest.xml:18:13-43
34            android:theme="@style/LaunchTheme"
34-->src\main\AndroidManifest.xml:19:13-47
35            android:windowSoftInputMode="adjustResize" >
35-->src\main\AndroidManifest.xml:22:13-55
36
37            <!--
38                 Specifies an Android theme to apply to this Activity as soon as
39                 the Android process has started. This theme is visible to the user
40                 while the Flutter UI initializes. After that, this theme continues
41                 to determine the Window background behind the Flutter UI.
42            -->
43            <meta-data
43-->src\main\AndroidManifest.xml:27:13-30:17
44                android:name="io.flutter.embedding.android.NormalTheme"
44-->src\main\AndroidManifest.xml:28:15-70
45                android:resource="@style/NormalTheme" />
45-->src\main\AndroidManifest.xml:29:15-52
46
47            <intent-filter>
47-->src\main\AndroidManifest.xml:31:13-34:29
48                <action android:name="android.intent.action.MAIN" />
48-->src\main\AndroidManifest.xml:32:17-68
48-->src\main\AndroidManifest.xml:32:25-66
49
50                <category android:name="android.intent.category.LAUNCHER" />
50-->src\main\AndroidManifest.xml:33:17-76
50-->src\main\AndroidManifest.xml:33:27-74
51            </intent-filter>
52        </activity>
53        <!--
54             Don't delete the meta-data below.
55             This is used by the Flutter tool to generate GeneratedPluginRegistrant.java
56        -->
57        <meta-data
57-->src\main\AndroidManifest.xml:38:9-40:33
58            android:name="flutterEmbedding"
58-->src\main\AndroidManifest.xml:39:13-44
59            android:value="2" />
59-->src\main\AndroidManifest.xml:40:13-30
60
61        <service
61-->[:firebase_storage] AndroidManifest.xml:10:9-14:19
62            android:name="com.google.firebase.components.ComponentDiscoveryService"
62-->[:firebase_storage] AndroidManifest.xml:10:18-89
63            android:directBootAware="true"
63-->[com.google.firebase:firebase-common:20.3.0] AndroidManifest.xml:34:13-43
64            android:exported="false" >
64-->[com.google.firebase:firebase-firestore:24.4.3] AndroidManifest.xml:18:13-37
65            <meta-data
65-->[:firebase_storage] AndroidManifest.xml:11:13-13:85
66                android:name="com.google.firebase.components:io.flutter.plugins.firebase.storage.FlutterFirebaseAppRegistrar"
66-->[:firebase_storage] AndroidManifest.xml:12:17-126
67                android:value="com.google.firebase.components.ComponentRegistrar" />
67-->[:firebase_storage] AndroidManifest.xml:13:17-82
68            <meta-data
68-->[:cloud_firestore] AndroidManifest.xml:11:13-13:85
69                android:name="com.google.firebase.components:io.flutter.plugins.firebase.firestore.FlutterFirebaseFirestoreRegistrar"
69-->[:cloud_firestore] AndroidManifest.xml:12:17-134
70                android:value="com.google.firebase.components.ComponentRegistrar" />
70-->[:cloud_firestore] AndroidManifest.xml:13:17-82
71            <meta-data
71-->[:firebase_core] AndroidManifest.xml:11:13-13:85
72                android:name="com.google.firebase.components:io.flutter.plugins.firebase.core.FlutterFirebaseCoreRegistrar"
72-->[:firebase_core] AndroidManifest.xml:12:17-124
73                android:value="com.google.firebase.components.ComponentRegistrar" />
73-->[:firebase_core] AndroidManifest.xml:13:17-82
74            <meta-data
74-->[com.google.firebase:firebase-firestore:24.4.3] AndroidManifest.xml:19:13-21:85
75                android:name="com.google.firebase.components:com.google.firebase.firestore.FirestoreRegistrar"
75-->[com.google.firebase:firebase-firestore:24.4.3] AndroidManifest.xml:20:17-111
76                android:value="com.google.firebase.components.ComponentRegistrar" />
76-->[com.google.firebase:firebase-firestore:24.4.3] AndroidManifest.xml:21:17-82
77            <meta-data
77-->[com.google.firebase:firebase-storage:20.1.0] AndroidManifest.xml:32:13-34:85
78                android:name="com.google.firebase.components:com.google.firebase.storage.StorageRegistrar"
78-->[com.google.firebase:firebase-storage:20.1.0] AndroidManifest.xml:33:17-107
79                android:value="com.google.firebase.components.ComponentRegistrar" />
79-->[com.google.firebase:firebase-storage:20.1.0] AndroidManifest.xml:34:17-82
80        </service>
81
82        <uses-library
82-->[androidx.window:window:1.0.0-beta04] AndroidManifest.xml:25:9-27:40
83            android:name="androidx.window.extensions"
83-->[androidx.window:window:1.0.0-beta04] AndroidManifest.xml:26:13-54
84            android:required="false" />
84-->[androidx.window:window:1.0.0-beta04] AndroidManifest.xml:27:13-37
85        <uses-library
85-->[androidx.window:window:1.0.0-beta04] AndroidManifest.xml:28:9-30:40
86            android:name="androidx.window.sidecar"
86-->[androidx.window:window:1.0.0-beta04] AndroidManifest.xml:29:13-51
87            android:required="false" />
87-->[androidx.window:window:1.0.0-beta04] AndroidManifest.xml:30:13-37
88
89        <provider
89-->[com.google.firebase:firebase-common:20.3.0] AndroidManifest.xml:25:9-30:39
90            android:name="com.google.firebase.provider.FirebaseInitProvider"
90-->[com.google.firebase:firebase-common:20.3.0] AndroidManifest.xml:26:13-77
91            android:authorities="com.example.hack_app.firebaseinitprovider"
91-->[com.google.firebase:firebase-common:20.3.0] AndroidManifest.xml:27:13-72
92            android:directBootAware="true"
92-->[com.google.firebase:firebase-common:20.3.0] AndroidManifest.xml:28:13-43
93            android:exported="false"
93-->[com.google.firebase:firebase-common:20.3.0] AndroidManifest.xml:29:13-37
94            android:initOrder="100" />
94-->[com.google.firebase:firebase-common:20.3.0] AndroidManifest.xml:30:13-36
95
96        <activity
96-->[com.google.android.gms:play-services-base:18.0.1] AndroidManifest.xml:20:9-22:45
97            android:name="com.google.android.gms.common.api.GoogleApiActivity"
97-->[com.google.android.gms:play-services-base:18.0.1] AndroidManifest.xml:20:19-85
98            android:exported="false"
98-->[com.google.android.gms:play-services-base:18.0.1] AndroidManifest.xml:22:19-43
99            android:theme="@android:style/Theme.Translucent.NoTitleBar" />
99-->[com.google.android.gms:play-services-base:18.0.1] AndroidManifest.xml:21:19-78
100
101        <meta-data
101-->[com.google.android.gms:play-services-basement:18.1.0] AndroidManifest.xml:21:9-23:69
102            android:name="com.google.android.gms.version"
102-->[com.google.android.gms:play-services-basement:18.1.0] AndroidManifest.xml:22:13-58
103            android:value="@integer/google_play_services_version" />
103-->[com.google.android.gms:play-services-basement:18.1.0] AndroidManifest.xml:23:13-66
104    </application>
105
106</manifest>